<?xml version="1.0" encoding="UTF-8"?>
<!-- Generated by org.testng.reporters.JUnitReportReporter -->
<testsuite hostname="Basia-Komp" failures="0" tests="2" name="tests.Functional.DevConfRedirection" time="33.971" errors="0" timestamp="27 lut 2020 22:22:00 GMT" skipped="0">
  <testcase classname="tests.Functional.DevConfRedirection" name="backHomeRedirection" time="12.064"/>
  <testcase classname="tests.Functional.DevConfRedirection" name="backHomeRedirection" time="21.907"/>
</testsuite> <!-- tests.Functional.DevConfRedirection -->
