<?xml version="1.0" encoding="UTF-8"?>
<!-- Generated by org.testng.reporters.JUnitReportReporter -->
<testsuite hostname="Basia-Komp" failures="0" tests="2" name="tests.Functional.AddComment" time="64.566" errors="0" timestamp="27 lut 2020 22:22:00 GMT" skipped="0">
  <testcase classname="tests.Functional.AddComment" name="addComment" time="30.863"/>
  <testcase classname="tests.Functional.AddComment" name="addComment" time="33.703"/>
</testsuite> <!-- tests.Functional.AddComment -->
