<?xml version="1.0" encoding="UTF-8"?>
<!-- Generated by org.testng.reporters.JUnitReportReporter -->
<testsuite hostname="Basia-Komp" failures="0" tests="2" name="tests.Functional.backHomeRedirection" time="70.672" errors="0" timestamp="27 lut 2020 22:22:00 GMT" skipped="0">
  <testcase classname="tests.Functional.backHomeRedirection" name="backHomeRedirection" time="36.195"/>
  <testcase classname="tests.Functional.backHomeRedirection" name="backHomeRedirection" time="34.477"/>
</testsuite> <!-- tests.Functional.backHomeRedirection -->
